0 info it worked if it ends with ok
1 verbose cli [ 'node',
1 verbose cli   '/Users/vince/.nvm-fish/v0.10.35/bin/npm',
1 verbose cli   'version',
1 verbose cli   'minor' ]
2 info using npm@2.5.1
3 info using node@v0.10.35
4 verbose type non_object_property_load
5 verbose stack TypeError: Cannot read property 'version' of null
5 verbose stack     at /Users/vince/.nvm-fish/v0.10.35/lib/node_modules/npm/lib/version.js:50:50
5 verbose stack     at evalmachine.<anonymous>:272:14
5 verbose stack     at /Users/vince/.nvm-fish/v0.10.35/lib/node_modules/npm/node_modules/graceful-fs/graceful-fs.js:102:5
5 verbose stack     at Object.oncomplete (evalmachine.<anonymous>:108:15)
6 verbose cwd /Users/vince/projects/modularscale-css
7 error Darwin 14.1.0
8 error argv "node" "/Users/vince/.nvm-fish/v0.10.35/bin/npm" "version" "minor"
9 error node v0.10.35
10 error npm  v2.5.1
11 error Cannot read property 'version' of null
12 error If you need help, you may report this error at:
12 error     <http://github.com/npm/npm/issues>
13 verbose exit [ 1, true ]
